#
# There is insufficient memory for the Java Runtime Environment to continue.
# Native memory allocation (malloc) failed to allocate 232416 bytes for Chunk::new
# Possible reasons:
#   The system is out of physical RAM or swap space
#   In 32 bit mode, the process size limit was hit
# Possible solutions:
#   Reduce memory load on the system
#   Increase physical memory or swap space
#   Check if swap backing store is full
#   Use 64 bit Java on a 64 bit OS
#   Decrease Java heap size (-Xmx/-Xms)
#   Decrease number of Java threads
#   Decrease Java thread stack sizes (-Xss)
#   Set larger code cache with -XX:ReservedCodeCacheSize=
# This output file may be truncated or incomplete.
#
#  Out of Memory Error (allocation.cpp:390), pid=12760, tid=0x00000000000037d8
#
# JRE version: Java(TM) SE Runtime Environment (8.0_131-b11) (build 1.8.0_131-b11)
# Java VM: Java HotSpot(TM) 64-Bit Server VM (25.131-b11 mixed mode windows-amd64 compressed oops)
# Failed to write core dump. Minidumps are not enabled by default on client versions of Windows
#

---------------  T H R E A D  ---------------

Current thread (0x0000000019d0e800):  JavaThread "C2 CompilerThread1" daemon [_thread_in_native, id=14296, stack(0x000000001b760000,0x000000001b860000)]

Stack: [0x000000001b760000,0x000000001b860000]
[error occurred during error reporting (printing stack bounds), id 0xc0000005]

Native frames: (J=compiled Java code, j=interpreted, Vv=VM code, C=native code)


Current CompileTask:
C2:   1122 1495       4       org.codehaus.plexus.util.xml.pull.MXParser::parseStartTag (1195 bytes)


---------------  P R O C E S S  ---------------

Java Threads: ( => current thread )
  0x000000001b0de800 JavaThread "Service Thread" daemon [_thread_blocked, id=2764, stack(0x000000001b960000,0x000000001ba60000)]
  0x000000001b06d800 JavaThread "C1 CompilerThread2" daemon [_thread_blocked, id=11064, stack(0x000000001b860000,0x000000001b960000)]
=>0x0000000019d0e800 JavaThread "C2 CompilerThread1" daemon [_thread_in_native, id=14296, stack(0x000000001b760000,0x000000001b860000)]
  0x0000000019d0b000 JavaThread "C2 CompilerThread0" daemon [_thread_in_native, id=2660, stack(0x000000001b660000,0x000000001b760000)]
  0x0000000019d0a000 JavaThread "Attach Listener" daemon [_thread_blocked, id=15156, stack(0x000000001b560000,0x000000001b660000)]
  0x0000000019cc0000 JavaThread "Signal Dispatcher" daemon [_thread_blocked, id=8856, stack(0x000000001b460000,0x000000001b560000)]
  0x00000000028dc800 JavaThread "Finalizer" daemon [_thread_blocked, id=5832, stack(0x000000001af00000,0x000000001b000000)]
  0x00000000028d1800 JavaThread "Reference Handler" daemon [_thread_blocked, id=3032, stack(0x000000001ae00000,0x000000001af00000)]
  0x00000000028ee800 JavaThread "main" [_thread_in_native, id=17728, stack(0x0000000000f30000,0x0000000001030000)]

Other Threads:
  0x0000000019c77800 VMThread [stack: 0x000000001ad00000,0x000000001ae00000] [id=17796]
  0x000000001b12a000 WatcherThread [stack: 0x000000001ba60000,0x000000001bb60000] [id=17396]

VM state:not at safepoint (normal execution)

VM Mutex/Monitor currently owned by a thread: None

Heap:
 PSYoungGen      total 56832K, used 43584K [0x0000000780c00000, 0x0000000784b00000, 0x00000007c0000000)
  eden space 49152K, 73% used [0x0000000780c00000,0x0000000782f15d60,0x0000000783c00000)
  from space 7680K, 99% used [0x0000000783c00000,0x000000078437a578,0x0000000784380000)
  to   space 7680K, 0% used [0x0000000784380000,0x0000000784380000,0x0000000784b00000)
 ParOldGen       total 130048K, used 220K [0x0000000702400000, 0x000000070a300000, 0x0000000780c00000)
  object space 130048K, 0% used [0x0000000702400000,0x0000000702437170,0x000000070a300000)
 Metaspace       used 14441K, capacity 14678K, committed 14976K, reserved 1062912K
  class space    used 1793K, capacity 1875K, committed 1920K, reserved 1048576K

Card table byte_map: [0x0000000012050000,0x0000000012640000] byte_map_base: 0x000000000e83e000

Marking Bits: (ParMarkBitMap*) 0x00000000541bc720
 Begin Bits: [0x0000000012e40000, 0x0000000015db0000)
 End Bits:   [0x0000000015db0000, 0x0000000018d20000)

Polling page: 0x0000000000a20000

CodeCache: size=245760Kb used=5415Kb max_used=5415Kb free=240344Kb
 bounds [0x0000000002c90000, 0x00000000031e0000, 0x0000000011c90000]
 total_blobs=1884 nmethods=1534 adapters=262
 compilation: enabled

Compilation events (10 events):
Event: 1.100 Thread 0x000000001b06d800 1513       3       org.codehaus.plexus.util.xml.Xpp3Dom::setValue (6 bytes)
Event: 1.100 Thread 0x000000001b06d800 nmethod 1513 0x00000000031c6d50 code [0x00000000031c6ea0, 0x00000000031c7010]
Event: 1.100 Thread 0x000000001b06d800 1514       3       org.codehaus.plexus.util.xml.Xpp3Dom::addChild (32 bytes)
Event: 1.100 Thread 0x000000001b06d800 nmethod 1514 0x00000000031c7090 code [0x00000000031c7220, 0x00000000031c75f8]
Event: 1.101 Thread 0x000000001b06d800 1516       3       java.util.regex.Pattern$Curly::match (86 bytes)
Event: 1.101 Thread 0x000000001b06d800 nmethod 1516 0x00000000031c7750 code [0x00000000031c7900, 0x00000000031c7ef8]
Event: 1.103 Thread 0x000000001b06d800 1517       3       org.apache.maven.model.InputLocation::<init> (30 bytes)
Event: 1.103 Thread 0x000000001b06d800 nmethod 1517 0x00000000031c8090 code [0x00000000031c81e0, 0x00000000031c83d0]
Event: 1.104 Thread 0x000000001b06d800 1518       3       org.apache.maven.model.io.xpp3.MavenXpp3ReaderEx::interpolatedTrimmed (16 bytes)
Event: 1.104 Thread 0x000000001b06d800 nmethod 1518 0x00000000031c8490 code [0x00000000031c8620, 0x00000000031c8968]

GC Heap History (2 events):
Event: 0.686 GC heap before
{Heap before GC invocations=1 (full 0):
 PSYoungGen      total 56832K, used 49152K [0x0000000780c00000, 0x0000000784b00000, 0x00000007c0000000)
  eden space 49152K, 100% used [0x0000000780c00000,0x0000000783c00000,0x0000000783c00000)
  from space 7680K, 0% used [0x0000000784380000,0x0000000784380000,0x0000000784b00000)
  to   space 7680K, 0% used [0x0000000783c00000,0x0000000783c00000,0x0000000784380000)
 ParOldGen       total 130048K, used 0K [0x0000000702400000, 0x000000070a300000, 0x0000000780c00000)
  object space 130048K, 0% used [0x0000000702400000,0x0000000702400000,0x000000070a300000)
 Metaspace       used 9905K, capacity 10112K, committed 10368K, reserved 1058816K
  class space    used 1210K, capacity 1281K, committed 1408K, reserved 1048576K
Event: 0.693 GC heap after
Heap after GC invocations=1 (full 0):
 PSYoungGen      total 56832K, used 7657K [0x0000000780c00000, 0x0000000784b00000, 0x00000007c0000000)
  eden space 49152K, 0% used [0x0000000780c00000,0x0000000780c00000,0x0000000783c00000)
  from space 7680K, 99% used [0x0000000783c00000,0x000000078437a578,0x0000000784380000)
  to   space 7680K, 0% used [0x0000000784380000,0x0000000784380000,0x0000000784b00000)
 ParOldGen       total 130048K, used 220K [0x0000000702400000, 0x000000070a300000, 0x0000000780c00000)
  object space 130048K, 0% used [0x0000000702400000,0x0000000702437170,0x000000070a300000)
 Metaspace       used 9905K, capacity 10112K, committed 10368K, reserved 1058816K
  class space    used 1210K, capacity 1281K, committed 1408K, reserved 1048576K
}

Deoptimization events (10 events):
Event: 0.453 Thread 0x00000000028ee800 Uncommon trap: reason=unstable_if action=reinterpret pc=0x0000000002e3b6e8 method=org.codehaus.plexus.util.xml.pull.MXParser.more()C @ 8
Event: 0.481 Thread 0x00000000028ee800 Uncommon trap: reason=unstable_if action=reinterpret pc=0x0000000002f33f90 method=java.nio.charset.CoderResult.isOverflow()Z @ 5
Event: 0.513 Thread 0x00000000028ee800 Uncommon trap: reason=unstable_if action=reinterpret pc=0x0000000002f3f380 method=sun.nio.cs.StreamDecoder.implRead([CII)I @ 197
Event: 0.529 Thread 0x00000000028ee800 Uncommon trap: reason=unstable_if action=reinterpret pc=0x0000000002f4d810 method=org.codehaus.plexus.util.xml.pull.MXParser.nextImpl()I @ 241
Event: 0.923 Thread 0x00000000028ee800 Uncommon trap: reason=unstable_if action=reinterpret pc=0x0000000003004d2c method=java.util.concurrent.ConcurrentHashMap.putVal(Ljava/lang/Object;Ljava/lang/Object;Z)Ljava/lang/Object; @ 206
Event: 1.062 Thread 0x00000000028ee800 Uncommon trap: reason=unstable_if action=reinterpret pc=0x0000000002dc86c0 method=java.lang.CharacterData.of(I)Ljava/lang/CharacterData; @ 4
Event: 1.073 Thread 0x00000000028ee800 Uncommon trap: reason=unstable_if action=reinterpret pc=0x0000000002f372cc method=sun.nio.cs.UTF_8$Decoder.decodeArrayLoop(Ljava/nio/ByteBuffer;Ljava/nio/CharBuffer;)Ljava/nio/charset/CoderResult; @ 84
Event: 1.076 Thread 0x00000000028ee800 Uncommon trap: reason=unstable_if action=reinterpret pc=0x0000000002eea3d8 method=java.lang.AbstractStringBuilder.append(Ljava/lang/String;)Ljava/lang/AbstractStringBuilder; @ 1
Event: 1.076 Thread 0x00000000028ee800 Uncommon trap: reason=unstable_if action=reinterpret pc=0x0000000002e8fd4c method=java.lang.AbstractStringBuilder.append(Ljava/lang/String;)Ljava/lang/AbstractStringBuilder; @ 1
Event: 1.100 Thread 0x00000000028ee800 Uncommon trap: reason=unstable_if action=reinterpret pc=0x0000000002e226a4 method=java.lang.String.replace(CC)Ljava/lang/String; @ 2

Internal exceptions (10 events):
Event: 0.938 Thread 0x00000000028ee800 Exception <a 'java/lang/NoClassDefFoundError'> (0x000000078232ac70) thrown at [C:\re\workspace\8-2-build-windows-amd64-cygwin\jdk8u131\8869\hotspot\src\share\vm\prims\jvm.cpp, line 1394]
Event: 0.938 Thread 0x00000000028ee800 Exception <a 'java/lang/NoClassDefFoundError': javax/annotation/Priority> (0x000000078232fba0) thrown at [C:\re\workspace\8-2-build-windows-amd64-cygwin\jdk8u131\8869\hotspot\src\share\vm\classfile\systemDictionary.cpp, line 199]
Event: 1.050 Thread 0x00000000028ee800 Exception <a 'java/lang/NullPointerException'> (0x00000007829db2d0) thrown at [C:\re\workspace\8-2-build-windows-amd64-cygwin\jdk8u131\8869\hotspot\src\share\vm\interpreter\linkResolver.cpp, line 1197]
Event: 1.050 Thread 0x00000000028ee800 Exception <a 'java/lang/NullPointerException'> (0x00000007829db4e8) thrown at [C:\re\workspace\8-2-build-windows-amd64-cygwin\jdk8u131\8869\hotspot\src\share\vm\interpreter\linkResolver.cpp, line 1197]
Event: 1.050 Thread 0x00000000028ee800 Exception <a 'java/lang/NullPointerException'> (0x00000007829db700) thrown at [C:\re\workspace\8-2-build-windows-amd64-cygwin\jdk8u131\8869\hotspot\src\share\vm\interpreter\linkResolver.cpp, line 1197]
Event: 1.051 Thread 0x00000000028ee800 Exception <a 'java/lang/NullPointerException'> (0x00000007829f2290) thrown at [C:\re\workspace\8-2-build-windows-amd64-cygwin\jdk8u131\8869\hotspot\src\share\vm\interpreter\linkResolver.cpp, line 1197]
Event: 1.051 Thread 0x00000000028ee800 Exception <a 'java/lang/NullPointerException'> (0x00000007829f24a8) thrown at [C:\re\workspace\8-2-build-windows-amd64-cygwin\jdk8u131\8869\hotspot\src\share\vm\interpreter\linkResolver.cpp, line 1197]
Event: 1.051 Thread 0x00000000028ee800 Exception <a 'java/lang/NullPointerException'> (0x00000007829f26c0) thrown at [C:\re\workspace\8-2-build-windows-amd64-cygwin\jdk8u131\8869\hotspot\src\share\vm\interpreter\linkResolver.cpp, line 1197]
Event: 1.075 Thread 0x00000000028ee800 Implicit null exception at 0x0000000002eea016 to 0x0000000002eea3bd
Event: 1.076 Thread 0x00000000028ee800 Implicit null exception at 0x0000000002e8f996 to 0x0000000002e8fd35

Events (10 events):
Event: 1.100 Thread 0x00000000028ee800 DEOPT PACKING pc=0x0000000002e226a4 sp=0x000000000102e0e0
Event: 1.100 Thread 0x00000000028ee800 DEOPT UNPACKING pc=0x0000000002cd582a sp=0x000000000102e068 mode 2
Event: 1.101 Thread 0x00000000028ee800 DEOPT PACKING pc=0x0000000002de994a sp=0x000000000102d830
Event: 1.101 Thread 0x00000000028ee800 DEOPT UNPACKING pc=0x0000000002cd787f sp=0x000000000102d6b0 mode 0
Event: 1.102 loading class org/apache/maven/model/License
Event: 1.102 loading class org/apache/maven/model/License done
Event: 1.102 loading class org/apache/maven/model/Scm
Event: 1.102 loading class org/apache/maven/model/Scm done
Event: 1.103 loading class org/apache/maven/model/DependencyManagement
Event: 1.103 loading class org/apache/maven/model/DependencyManagement done


Dynamic libraries:
0x00007ff720b90000 - 0x00007ff720bc7000 	E:\Program Files\Java\jdk1.8.0_131\bin\java.exe
0x00007ffc31660000 - 0x00007ffc3184d000 	C:\WINDOWS\SYSTEM32\ntdll.dll
0x00007ffc2ea20000 - 0x00007ffc2ead3000 	C:\WINDOWS\System32\KERNEL32.DLL
0x00007ffc2e270000 - 0x00007ffc2e503000 	C:\WINDOWS\System32\KERNELBASE.dll
0x00007ffc2ef40000 - 0x00007ffc2efe3000 	C:\WINDOWS\System32\ADVAPI32.dll
0x00007ffc313c0000 - 0x00007ffc3145e000 	C:\WINDOWS\System32\msvcrt.dll
0x00007ffc2eae0000 - 0x00007ffc2eb7e000 	C:\WINDOWS\System32\sechost.dll
0x00007ffc2edb0000 - 0x00007ffc2eed2000 	C:\WINDOWS\System32\RPCRT4.dll
0x00007ffc2eff0000 - 0x00007ffc2f187000 	C:\WINDOWS\System32\USER32.dll
0x00007ffc2df10000 - 0x00007ffc2df30000 	C:\WINDOWS\System32\win32u.dll
0x00007ffc2e880000 - 0x00007ffc2e8a9000 	C:\WINDOWS\System32\GDI32.dll
0x00007ffc2e0b0000 - 0x00007ffc2e249000 	C:\WINDOWS\System32\gdi32full.dll
0x00007ffc2de70000 - 0x00007ffc2df10000 	C:\WINDOWS\System32\msvcp_win.dll
0x00007ffc2e510000 - 0x00007ffc2e60a000 	C:\WINDOWS\System32\ucrtbase.dll
0x00007ffc1fa30000 - 0x00007ffc1fca9000 	C:\WINDOWS\WinSxS\amd64_microsoft.windows.common-controls_6595b64144ccf1df_6.0.17763.1039_none_de701650534c7021\COMCTL32.dll
0x00007ffc2f6b0000 - 0x00007ffc2f9dc000 	C:\WINDOWS\System32\combase.dll
0x00007ffc2dfe0000 - 0x00007ffc2e05e000 	C:\WINDOWS\System32\bcryptPrimitives.dll
0x00007ffc30fa0000 - 0x00007ffc30fce000 	C:\WINDOWS\System32\IMM32.DLL
0x0000000055a80000 - 0x0000000055b52000 	E:\Program Files\Java\jdk1.8.0_131\jre\bin\msvcr100.dll
0x00000000539a0000 - 0x000000005423c000 	E:\Program Files\Java\jdk1.8.0_131\jre\bin\server\jvm.dll
0x00007ffc2f190000 - 0x00007ffc2f198000 	C:\WINDOWS\System32\PSAPI.DLL
0x00007ffc29660000 - 0x00007ffc29669000 	C:\WINDOWS\SYSTEM32\WSOCK32.dll
0x00007ffc28ce0000 - 0x00007ffc28cea000 	C:\WINDOWS\SYSTEM32\VERSION.dll
0x00007ffc2b1a0000 - 0x00007ffc2b1c4000 	C:\WINDOWS\SYSTEM32\WINMM.dll
0x00007ffc315c0000 - 0x00007ffc3162d000 	C:\WINDOWS\System32\WS2_32.dll
0x00007ffc2b170000 - 0x00007ffc2b19d000 	C:\WINDOWS\SYSTEM32\WINMMBASE.dll
0x00007ffc2e060000 - 0x00007ffc2e0aa000 	C:\WINDOWS\System32\cfgmgr32.dll
0x0000000054890000 - 0x000000005489f000 	E:\Program Files\Java\jdk1.8.0_131\jre\bin\verify.dll
0x0000000054860000 - 0x0000000054889000 	E:\Program Files\Java\jdk1.8.0_131\jre\bin\java.dll
0x0000000054840000 - 0x0000000054856000 	E:\Program Files\Java\jdk1.8.0_131\jre\bin\zip.dll
0x00007ffc2f9e0000 - 0x00007ffc30ed4000 	C:\WINDOWS\System32\SHELL32.dll
0x00007ffc31030000 - 0x00007ffc310d8000 	C:\WINDOWS\System32\shcore.dll
0x00007ffc2d720000 - 0x00007ffc2de6d000 	C:\WINDOWS\System32\windows.storage.dll
0x00007ffc2d6f0000 - 0x00007ffc2d714000 	C:\WINDOWS\System32\profapi.dll
0x00007ffc2d670000 - 0x00007ffc2d6cd000 	C:\WINDOWS\System32\powrprof.dll
0x00007ffc2f640000 - 0x00007ffc2f692000 	C:\WINDOWS\System32\shlwapi.dll
0x00007ffc2d650000 - 0x00007ffc2d661000 	C:\WINDOWS\System32\kernel.appcore.dll
0x00007ffc2e250000 - 0x00007ffc2e267000 	C:\WINDOWS\System32\cryptsp.dll
0x00007ffc28bf0000 - 0x00007ffc28bfa000 	D:\apache-maven-3.5.2-bin\apache-maven-3.5.2\lib\jansi-native\windows64\jansi.dll
0x0000000054820000 - 0x000000005483a000 	E:\Program Files\Java\jdk1.8.0_131\jre\bin\net.dll
0x00007ffc2cec0000 - 0x00007ffc2cf27000 	C:\WINDOWS\system32\mswsock.dll
0x0000000054800000 - 0x0000000054811000 	E:\Program Files\Java\jdk1.8.0_131\jre\bin\nio.dll

VM Arguments:
jvm_args: -Dclassworlds.conf=D:\apache-maven-3.5.2-bin\apache-maven-3.5.2\bin\..\bin\m2.conf -Dmaven.home=D:\apache-maven-3.5.2-bin\apache-maven-3.5.2\bin\.. -Dlibrary.jansi.path=D:\apache-maven-3.5.2-bin\apache-maven-3.5.2\bin\..\lib\jansi-native -Dmaven.multiModuleProjectDirectory=D:\IDEAÏîÄ¿\readpaale 
java_command: org.codehaus.plexus.classworlds.launcher.Launcher clean package -Dmaven.test.skip=true;
java_class_path (initial): D:\apache-maven-3.5.2-bin\apache-maven-3.5.2\bin\..\boot\plexus-classworlds-2.5.2.jar
Launcher Type: SUN_STANDARD

Environment Variables:
JAVA_HOME=E:\Program Files\Java\jdk1.8.0_131
CLASSPATH=.;E:\Program Files\Java\jdk1.8.0_131\lib\dt.jar;E:\Program Files\Java\jdk1.8.0_131\lib\tools.jar;
PATH=E:\Program Files\Java\jdk1.8.0_131\jre\bin;C:\ProgramData\Oracle\Java\javapath;C:\WINDOWS\system32;C:\WINDOWS;C:\WINDOWS\System32\Wbem;C:\WINDOWS\System32\WindowsPowerShell\v1.0\;C:\WINDOWS\System32\OpenSSH\;E:\gradle-5.5-rc-3-bin\gradle-5.5-rc-3\bin;E:\zookeeper-3.5.4-beta\zookeeper-3.5.4-beta\bin;E:\zookeeper-3.5.4-beta\zookeeper-3.5.4-beta\conf;E:\Program Files\Java\jdk1.8.0_131\bin;E:\Program Files\Java\jdk1.8.0_131\jre\bin;C:\ProgramData\Oracle\Java\javapath;C:\WINDOWS\system32;C:\WINDOWS;C:\WINDOWS\System32\Wbem;C:\WINDOWS\System32\WindowsPowerShell\v1.0\;C:\WINDOWS\System32\OpenSSH\;E:\gradle-5.5-rc-3-bin\gradle-5.5-rc-3\bin;E:\zookeeper-3.5.4-beta\zookeeper-3.5.4-beta\bin;E:\zookeeper-3.5.4-beta\zookeeper-3.5.4-beta\conf;E:\Program Files\Java\jdk1.8.0_131\bin;E:\Program Files\Java\jdk1.8.0_131\jre\bin;C:\ProgramData\Oracle\Java\javapath;C:\WINDOWS\system32;C:\WINDOWS;C:\WINDOWS\System32\Wbem;C:\WINDOWS\System32\WindowsPowerShell\v1.0\;C:\WINDOWS\System32\OpenSSH\;E:\gradle-5.5-rc-3-bin\gradle-5.5-rc-3\bin;%ZOOKEEPER_HOME%\bin;%ZOOKEEPER_HOME%\conf;E:\Program Files\Java\jdk1.8.0_131\bin;C:\WINDOWS\System32;D:\apache-maven-3.5.2-bin\apache-maven-3.5.2\bin;C:\Program Files\TortoiseGit\bin;C:\Program Files\Git\bin;C:\Program Files\MySQL\MySQL Server 5.7\bin;C:\Program Files (x86)\MySQL\MySQL Server 5.5\bin;E:\Program Files\nodejs\;D:\apache-maven-3.5.2-bin\apache-maven-3.5.2\bin;C:\Program Files\TortoiseGit\bin;C:\Program Files\Git\bin;C:\Program Files\MySQL\MySQL Server 5.7\bin;C:\Program Files (x86)\MySQL\MySQL Server 5.5\bin;E:\Program Files\nodejs\;D:\apache-maven-3.5.2-bin\apache-maven-3.5.2\bin;C:\Program Files\TortoiseGit\bin;C:\Program Files\Git\bin;C:\Program Files\MySQL\MySQL Server 5.7\bin;C:\Program Files (x86)\MySQL\MySQL Server 5.5\bin;E:\Program Files\nodejs\;C:\Users\13267\AppData\Local\Microsoft\WindowsApps;C:\Users\13267\AppData\Roaming\npm
USERNAME=13267
OS=Windows_NT
PROCESSOR_IDENTIFIER=Intel64 Family 6 Model 158 Stepping 9, GenuineIntel



---------------  S Y S T E M  ---------------

OS: Windows 10.0 , 64 bit Build 17763 (10.0.17763.475)

CPU:total 4 (initial active 4) (4 cores per cpu, 1 threads per core) family 6 model 158 stepping 9, cmov, cx8, fxsr, mmx, sse, sse2, sse3, ssse3, sse4.1, sse4.2, popcnt, avx, avx2, aes, clmul, erms, 3dnowpref, lzcnt, tsc, tscinvbit, bmi1, bmi2, adx

Memory: 4k page, physical 12434084k(2695632k free), swap 12434084k(5312k free)

vm_info: Java HotSpot(TM) 64-Bit Server VM (25.131-b11) for windows-amd64 JRE (1.8.0_131-b11), built on Mar 15 2017 01:23:53 by "java_re" with MS VC++ 10.0 (VS2010)

time: Wed Feb 26 12:13:57 2020
elapsed time: 1 seconds (0d 0h 0m 1s)

