#
# There is insufficient memory for the Java Runtime Environment to continue.
# Native memory allocation (malloc) failed to allocate 267856 bytes for Chunk::new
# Possible reasons:
#   The system is out of physical RAM or swap space
#   In 32 bit mode, the process size limit was hit
# Possible solutions:
#   Reduce memory load on the system
#   Increase physical memory or swap space
#   Check if swap backing store is full
#   Use 64 bit Java on a 64 bit OS
#   Decrease Java heap size (-Xmx/-Xms)
#   Decrease number of Java threads
#   Decrease Java thread stack sizes (-Xss)
#   Set larger code cache with -XX:ReservedCodeCacheSize=
# This output file may be truncated or incomplete.
#
#  Out of Memory Error (allocation.cpp:390), pid=3856, tid=0x0000000000002c94
#
# JRE version: Java(TM) SE Runtime Environment (8.0_131-b11) (build 1.8.0_131-b11)
# Java VM: Java HotSpot(TM) 64-Bit Server VM (25.131-b11 mixed mode windows-amd64 compressed oops)
# Failed to write core dump. Minidumps are not enabled by default on client versions of Windows
#

---------------  T H R E A D  ---------------

Current thread (0x000000001b407000):  JavaThread "C2 CompilerThread0" daemon [_thread_in_native, id=11412, stack(0x000000001bad0000,0x000000001bbd0000)]

Stack: [0x000000001bad0000,0x000000001bbd0000]
[error occurred during error reporting (printing stack bounds), id 0xc0000005]

Native frames: (J=compiled Java code, j=interpreted, Vv=VM code, C=native code)


Current CompileTask:
C2:   1601  609   !   4       sun.nio.cs.StreamDecoder::read (196 bytes)


---------------  P R O C E S S  ---------------

Java Threads: ( => current thread )
  0x000000001b49a800 JavaThread "Service Thread" daemon [_thread_blocked, id=17640, stack(0x000000001bdd0000,0x000000001bed0000)]
  0x000000001b463800 JavaThread "C1 CompilerThread2" daemon [_thread_blocked, id=15308, stack(0x000000001bcd0000,0x000000001bdd0000)]
  0x000000001b40b000 JavaThread "C2 CompilerThread1" daemon [_thread_in_native, id=9720, stack(0x000000001bbd0000,0x000000001bcd0000)]
=>0x000000001b407000 JavaThread "C2 CompilerThread0" daemon [_thread_in_native, id=11412, stack(0x000000001bad0000,0x000000001bbd0000)]
  0x000000001b3fd000 JavaThread "Monitor Ctrl-Break" daemon [_thread_in_native, id=5912, stack(0x000000001b9d0000,0x000000001bad0000)]
  0x000000001a06e000 JavaThread "Attach Listener" daemon [_thread_blocked, id=5160, stack(0x000000001b8d0000,0x000000001b9d0000)]
  0x000000001b3d8800 JavaThread "Signal Dispatcher" daemon [_thread_blocked, id=2344, stack(0x000000001b7d0000,0x000000001b8d0000)]
  0x000000001a04a800 JavaThread "Finalizer" daemon [_thread_blocked, id=220, stack(0x000000001b2d0000,0x000000001b3d0000)]
  0x000000001a029800 JavaThread "Reference Handler" daemon [_thread_blocked, id=13036, stack(0x000000001b1d0000,0x000000001b2d0000)]
  0x0000000002f42800 JavaThread "main" [_thread_in_vm, id=1264, stack(0x0000000002970000,0x0000000002a70000)]

Other Threads:
  0x000000001a028000 VMThread [stack: 0x000000001b0d0000,0x000000001b1d0000] [id=17632]
  0x000000001b4cf800 WatcherThread [stack: 0x000000001bed0000,0x000000001bfd0000] [id=11360]

VM state:not at safepoint (normal execution)

VM Mutex/Monitor currently owned by a thread: None

Heap:
 PSYoungGen      total 56832K, used 31555K [0x0000000780c00000, 0x0000000784b00000, 0x00000007c0000000)
  eden space 49152K, 64% used [0x0000000780c00000,0x0000000782ad0f70,0x0000000783c00000)
  from space 7680K, 0% used [0x0000000784380000,0x0000000784380000,0x0000000784b00000)
  to   space 7680K, 0% used [0x0000000783c00000,0x0000000783c00000,0x0000000784380000)
 ParOldGen       total 130048K, used 0K [0x0000000702400000, 0x000000070a300000, 0x0000000780c00000)
  object space 130048K, 0% used [0x0000000702400000,0x0000000702400000,0x000000070a300000)
 Metaspace       used 8809K, capacity 9020K, committed 9088K, reserved 1056768K
  class space    used 1056K, capacity 1116K, committed 1152K, reserved 1048576K

Card table byte_map: [0x0000000012400000,0x00000000129f0000] byte_map_base: 0x000000000ebee000

Marking Bits: (ParMarkBitMap*) 0x00000000541bc720
 Begin Bits: [0x00000000131f0000, 0x0000000016160000)
 End Bits:   [0x0000000016160000, 0x00000000190d0000)

Polling page: 0x0000000000ca0000

CodeCache: size=245760Kb used=2882Kb max_used=2882Kb free=242878Kb
 bounds [0x0000000003040000, 0x0000000003320000, 0x0000000012040000]
 total_blobs=950 nmethods=622 adapters=241
 compilation: enabled

Compilation events (10 events):
Event: 1.592 Thread 0x000000001b463800 nmethod 606 0x00000000032f7f50 code [0x00000000032f80c0, 0x00000000032f8308]
Event: 1.592 Thread 0x000000001b463800  607   !   3       sun.nio.cs.StreamDecoder::read0 (116 bytes)
Event: 1.592 Thread 0x000000001b463800 nmethod 607 0x00000000032f8450 code [0x00000000032f85e0, 0x00000000032f8b48]
Event: 1.593 Thread 0x000000001b463800  615       3       org.codehaus.plexus.util.xml.pull.MXParser::isS (30 bytes)
Event: 1.593 Thread 0x000000001b463800 nmethod 615 0x00000000032f8cd0 code [0x00000000032f8e40, 0x00000000032f9090]
Event: 1.593 Thread 0x000000001b463800  616       3       org.codehaus.plexus.util.xml.pull.MXParser::getText (125 bytes)
Event: 1.593 Thread 0x000000001b463800 nmethod 616 0x00000000032f9110 code [0x00000000032f92a0, 0x00000000032f9778]
Event: 1.593 Thread 0x000000001b463800  617   !   3       java.lang.StringCoding::decode (120 bytes)
Event: 1.594 Thread 0x000000001b463800 nmethod 617 0x00000000032f9890 code [0x00000000032f9bc0, 0x00000000032fb658]
Event: 1.594 Thread 0x000000001b463800  618       3       org.codehaus.plexus.util.xml.pull.MXParser::parseStartTag (1195 bytes)

GC Heap History (0 events):
No events

Deoptimization events (4 events):
Event: 0.186 Thread 0x0000000002f42800 Uncommon trap: reason=unstable_if action=reinterpret pc=0x00000000031b54dc method=sun.nio.cs.UTF_8$Encoder.encode([CII[B)I @ 33
Event: 1.574 Thread 0x0000000002f42800 Uncommon trap: reason=range_check action=make_not_entrant pc=0x00000000032cf668 method=sun.reflect.generics.parser.SignatureParser.current()C @ 34
Event: 1.574 Thread 0x0000000002f42800 Uncommon trap: reason=unstable_if action=reinterpret pc=0x00000000032caec8 method=java.util.HashMap.getNode(ILjava/lang/Object;)Ljava/util/HashMap$Node; @ 129
Event: 1.580 Thread 0x0000000002f42800 Uncommon trap: reason=unstable_if action=reinterpret pc=0x00000000032356a8 method=org.codehaus.plexus.util.xml.pull.MXParser.more()C @ 8

Internal exceptions (10 events):
Event: 1.573 Thread 0x0000000002f42800 Exception <a 'java/lang/ArrayIndexOutOfBoundsException'> (0x000000078266d870) thrown at [C:\re\workspace\8-2-build-windows-amd64-cygwin\jdk8u131\8869\hotspot\src\share\vm\runtime\sharedRuntime.cpp, line 605]
Event: 1.573 Thread 0x0000000002f42800 Exception <a 'java/lang/ArrayIndexOutOfBoundsException'> (0x0000000782675550) thrown at [C:\re\workspace\8-2-build-windows-amd64-cygwin\jdk8u131\8869\hotspot\src\share\vm\runtime\sharedRuntime.cpp, line 605]
Event: 1.573 Thread 0x0000000002f42800 Exception <a 'java/lang/ArrayIndexOutOfBoundsException'> (0x00000007826763b8) thrown at [C:\re\workspace\8-2-build-windows-amd64-cygwin\jdk8u131\8869\hotspot\src\share\vm\runtime\sharedRuntime.cpp, line 605]
Event: 1.573 Thread 0x0000000002f42800 Exception <a 'java/lang/ArrayIndexOutOfBoundsException'> (0x0000000782677d18) thrown at [C:\re\workspace\8-2-build-windows-amd64-cygwin\jdk8u131\8869\hotspot\src\share\vm\runtime\sharedRuntime.cpp, line 605]
Event: 1.573 Thread 0x0000000002f42800 Exception <a 'java/lang/ArrayIndexOutOfBoundsException'> (0x000000078267a680) thrown at [C:\re\workspace\8-2-build-windows-amd64-cygwin\jdk8u131\8869\hotspot\src\share\vm\runtime\sharedRuntime.cpp, line 605]
Event: 1.573 Thread 0x0000000002f42800 Exception <a 'java/lang/ArrayIndexOutOfBoundsException'> (0x000000078267bbd8) thrown at [C:\re\workspace\8-2-build-windows-amd64-cygwin\jdk8u131\8869\hotspot\src\share\vm\runtime\sharedRuntime.cpp, line 605]
Event: 1.574 Thread 0x0000000002f42800 Exception <a 'java/lang/ArrayIndexOutOfBoundsException'> (0x000000078267d270) thrown at [C:\re\workspace\8-2-build-windows-amd64-cygwin\jdk8u131\8869\hotspot\src\share\vm\runtime\sharedRuntime.cpp, line 605]
Event: 1.574 Thread 0x0000000002f42800 Exception <a 'java/lang/ArrayIndexOutOfBoundsException'> (0x000000078267f3c0) thrown at [C:\re\workspace\8-2-build-windows-amd64-cygwin\jdk8u131\8869\hotspot\src\share\vm\runtime\sharedRuntime.cpp, line 605]
Event: 1.574 Thread 0x0000000002f42800 Exception <a 'java/lang/ArrayIndexOutOfBoundsException': 100> (0x0000000782680af8) thrown at [C:\re\workspace\8-2-build-windows-amd64-cygwin\jdk8u131\8869\hotspot\src\share\vm\interpreter\interpreterRuntime.cpp, line 366]
Event: 1.574 Thread 0x0000000002f42800 Exception <a 'java/lang/ArrayIndexOutOfBoundsException': 24> (0x0000000782681838) thrown at [C:\re\workspace\8-2-build-windows-amd64-cygwin\jdk8u131\8869\hotspot\src\share\vm\interpreter\interpreterRuntime.cpp, line 366]

Events (10 events):
Event: 1.594 loading class org/apache/maven/artifact/resolver/ArtifactCollector
Event: 1.594 loading class org/apache/maven/artifact/resolver/ArtifactCollector done
Event: 1.594 loading class org/apache/maven/repository/legacy/resolver/LegacyArtifactCollector
Event: 1.594 loading class org/apache/maven/repository/legacy/resolver/LegacyArtifactCollector done
Event: 1.594 loading class org/apache/maven/artifact/resolver/ArtifactResolver
Event: 1.594 loading class org/apache/maven/artifact/resolver/ArtifactResolver done
Event: 1.596 loading class org/apache/maven/execution/RuntimeInformation
Event: 1.596 loading class org/apache/maven/execution/RuntimeInformation done
Event: 1.597 loading class org/apache/maven/profiles/MavenProfilesBuilder
Event: 1.597 loading class org/apache/maven/profiles/MavenProfilesBuilder done


Dynamic libraries:
0x00007ff720b90000 - 0x00007ff720bc7000 	E:\Program Files\Java\jdk1.8.0_131\bin\java.exe
0x00007ffc31660000 - 0x00007ffc3184d000 	C:\WINDOWS\SYSTEM32\ntdll.dll
0x00007ffc2ea20000 - 0x00007ffc2ead3000 	C:\WINDOWS\System32\KERNEL32.DLL
0x00007ffc2e270000 - 0x00007ffc2e503000 	C:\WINDOWS\System32\KERNELBASE.dll
0x00007ffc2ef40000 - 0x00007ffc2efe3000 	C:\WINDOWS\System32\ADVAPI32.dll
0x00007ffc313c0000 - 0x00007ffc3145e000 	C:\WINDOWS\System32\msvcrt.dll
0x00007ffc2eae0000 - 0x00007ffc2eb7e000 	C:\WINDOWS\System32\sechost.dll
0x00007ffc2edb0000 - 0x00007ffc2eed2000 	C:\WINDOWS\System32\RPCRT4.dll
0x00007ffc2eff0000 - 0x00007ffc2f187000 	C:\WINDOWS\System32\USER32.dll
0x00007ffc2df10000 - 0x00007ffc2df30000 	C:\WINDOWS\System32\win32u.dll
0x00007ffc2e880000 - 0x00007ffc2e8a9000 	C:\WINDOWS\System32\GDI32.dll
0x00007ffc2e0b0000 - 0x00007ffc2e249000 	C:\WINDOWS\System32\gdi32full.dll
0x00007ffc2de70000 - 0x00007ffc2df10000 	C:\WINDOWS\System32\msvcp_win.dll
0x00007ffc2e510000 - 0x00007ffc2e60a000 	C:\WINDOWS\System32\ucrtbase.dll
0x00007ffc1fa30000 - 0x00007ffc1fca9000 	C:\WINDOWS\WinSxS\amd64_microsoft.windows.common-controls_6595b64144ccf1df_6.0.17763.1039_none_de701650534c7021\COMCTL32.dll
0x00007ffc2f6b0000 - 0x00007ffc2f9dc000 	C:\WINDOWS\System32\combase.dll
0x00007ffc2dfe0000 - 0x00007ffc2e05e000 	C:\WINDOWS\System32\bcryptPrimitives.dll
0x00007ffc30fa0000 - 0x00007ffc30fce000 	C:\WINDOWS\System32\IMM32.DLL
0x0000000055a80000 - 0x0000000055b52000 	E:\Program Files\Java\jdk1.8.0_131\jre\bin\msvcr100.dll
0x00000000539a0000 - 0x000000005423c000 	E:\Program Files\Java\jdk1.8.0_131\jre\bin\server\jvm.dll
0x00007ffc2f190000 - 0x00007ffc2f198000 	C:\WINDOWS\System32\PSAPI.DLL
0x00007ffc29660000 - 0x00007ffc29669000 	C:\WINDOWS\SYSTEM32\WSOCK32.dll
0x00007ffc28ce0000 - 0x00007ffc28cea000 	C:\WINDOWS\SYSTEM32\VERSION.dll
0x00007ffc2b1a0000 - 0x00007ffc2b1c4000 	C:\WINDOWS\SYSTEM32\WINMM.dll
0x00007ffc315c0000 - 0x00007ffc3162d000 	C:\WINDOWS\System32\WS2_32.dll
0x00007ffc2b170000 - 0x00007ffc2b19d000 	C:\WINDOWS\SYSTEM32\winmmbase.dll
0x00007ffc2e060000 - 0x00007ffc2e0aa000 	C:\WINDOWS\System32\cfgmgr32.dll
0x0000000054890000 - 0x000000005489f000 	E:\Program Files\Java\jdk1.8.0_131\jre\bin\verify.dll
0x0000000054860000 - 0x0000000054889000 	E:\Program Files\Java\jdk1.8.0_131\jre\bin\java.dll
0x0000000054830000 - 0x0000000054853000 	E:\Program Files\Java\jdk1.8.0_131\jre\bin\instrument.dll
0x0000000054810000 - 0x0000000054826000 	E:\Program Files\Java\jdk1.8.0_131\jre\bin\zip.dll
0x00007ffc2f9e0000 - 0x00007ffc30ed4000 	C:\WINDOWS\System32\SHELL32.dll
0x00007ffc31030000 - 0x00007ffc310d8000 	C:\WINDOWS\System32\shcore.dll
0x00007ffc2d720000 - 0x00007ffc2de6d000 	C:\WINDOWS\System32\windows.storage.dll
0x00007ffc2d6f0000 - 0x00007ffc2d714000 	C:\WINDOWS\System32\profapi.dll
0x00007ffc2d670000 - 0x00007ffc2d6cd000 	C:\WINDOWS\System32\powrprof.dll
0x00007ffc2f640000 - 0x00007ffc2f692000 	C:\WINDOWS\System32\shlwapi.dll
0x00007ffc2d650000 - 0x00007ffc2d661000 	C:\WINDOWS\System32\kernel.appcore.dll
0x00007ffc2e250000 - 0x00007ffc2e267000 	C:\WINDOWS\System32\cryptsp.dll
0x00007ffc28100000 - 0x00007ffc2811a000 	E:\idea\IntelliJ IDEA 2018.1.4\bin\breakgen64.dll
0x00000000547f0000 - 0x000000005480a000 	E:\Program Files\Java\jdk1.8.0_131\jre\bin\net.dll
0x00007ffc2cec0000 - 0x00007ffc2cf27000 	C:\WINDOWS\system32\mswsock.dll
0x00007ffc2ca40000 - 0x00007ffc2ca73000 	C:\WINDOWS\system32\rsaenh.dll
0x00007ffc2e850000 - 0x00007ffc2e876000 	C:\WINDOWS\System32\bcrypt.dll
0x00007ffc2d550000 - 0x00007ffc2d578000 	C:\WINDOWS\SYSTEM32\USERENV.dll
0x00007ffc2d090000 - 0x00007ffc2d09c000 	C:\WINDOWS\SYSTEM32\CRYPTBASE.dll
0x00007ffc2cbe0000 - 0x00007ffc2cc1d000 	C:\WINDOWS\SYSTEM32\IPHLPAPI.DLL
0x00007ffc30ee0000 - 0x00007ffc30ee8000 	C:\WINDOWS\System32\NSI.dll
0x00007ffc21cc0000 - 0x00007ffc21cd6000 	C:\WINDOWS\SYSTEM32\dhcpcsvc6.DLL
0x00007ffc21ca0000 - 0x00007ffc21cbc000 	C:\WINDOWS\SYSTEM32\dhcpcsvc.DLL
0x00007ffc2cc20000 - 0x00007ffc2cce6000 	C:\WINDOWS\SYSTEM32\DNSAPI.dll
0x00000000547d0000 - 0x00000000547e1000 	E:\Program Files\Java\jdk1.8.0_131\jre\bin\nio.dll
0x00007ffc28bf0000 - 0x00007ffc28bfa000 	C:\Users\13267\AppData\Local\Temp\jansi-1.16-8353814936786174492.dll
0x00007ffc27fa0000 - 0x00007ffc27faa000 	C:\Users\13267\AppData\Local\Temp\jansi-1.16-4593466277958018115.dll

VM Arguments:
jvm_args: -Dmaven.multiModuleProjectDirectory=D:\IDEAÏîÄ¿ -Dmaven.home=D:\apache-maven-3.5.2-bin\apache-maven-3.5.2 -Dclassworlds.conf=D:\apache-maven-3.5.2-bin\apache-maven-3.5.2\bin\m2.conf -javaagent:E:\idea\IntelliJ IDEA 2018.1.4\lib\idea_rt.jar=54914:E:\idea\IntelliJ IDEA 2018.1.4\bin -Dfile.encoding=UTF-8 
java_command: org.codehaus.classworlds.Launcher -Didea.version=2018.1.4 -s D:\apache-maven-3.5.2-bin\apache-maven-3.5.2\conf\settings.xml clean -f pom.xml
java_class_path (initial): D:\apache-maven-3.5.2-bin\apache-maven-3.5.2\boot\plexus-classworlds-2.5.2.jar;E:\idea\IntelliJ IDEA 2018.1.4\lib\idea_rt.jar
Launcher Type: SUN_STANDARD

Environment Variables:
JAVA_HOME=E:\Program Files\Java\jdk1.8.0_131
CLASSPATH=.;E:\Program Files\Java\jdk1.8.0_131\lib\dt.jar;E:\Program Files\Java\jdk1.8.0_131\lib\tools.jar;
PATH=E:\Program Files\Java\jdk1.8.0_131\jre\bin;C:\ProgramData\Oracle\Java\javapath;C:\WINDOWS\system32;C:\WINDOWS;C:\WINDOWS\System32\Wbem;C:\WINDOWS\System32\WindowsPowerShell\v1.0\;C:\WINDOWS\System32\OpenSSH\;E:\gradle-5.5-rc-3-bin\gradle-5.5-rc-3\bin;E:\zookeeper-3.5.4-beta\zookeeper-3.5.4-beta\bin;E:\zookeeper-3.5.4-beta\zookeeper-3.5.4-beta\conf;E:\Program Files\Java\jdk1.8.0_131\bin;E:\Program Files\Java\jdk1.8.0_131\jre\bin;C:\ProgramData\Oracle\Java\javapath;C:\WINDOWS\system32;C:\WINDOWS;C:\WINDOWS\System32\Wbem;C:\WINDOWS\System32\WindowsPowerShell\v1.0\;C:\WINDOWS\System32\OpenSSH\;E:\gradle-5.5-rc-3-bin\gradle-5.5-rc-3\bin;E:\zookeeper-3.5.4-beta\zookeeper-3.5.4-beta\bin;E:\zookeeper-3.5.4-beta\zookeeper-3.5.4-beta\conf;E:\Program Files\Java\jdk1.8.0_131\bin;E:\Program Files\Java\jdk1.8.0_131\jre\bin;C:\ProgramData\Oracle\Java\javapath;C:\WINDOWS\system32;C:\WINDOWS;C:\WINDOWS\System32\Wbem;C:\WINDOWS\System32\WindowsPowerShell\v1.0\;C:\WINDOWS\System32\OpenSSH\;E:\gradle-5.5-rc-3-bin\gradle-5.5-rc-3\bin;%ZOOKEEPER_HOME%\bin;%ZOOKEEPER_HOME%\conf;E:\Program Files\Java\jdk1.8.0_131\bin;C:\WINDOWS\System32;D:\apache-maven-3.5.2-bin\apache-maven-3.5.2\bin;C:\Program Files\TortoiseGit\bin;C:\Program Files\Git\bin;C:\Program Files\MySQL\MySQL Server 5.7\bin;C:\Program Files (x86)\MySQL\MySQL Server 5.5\bin;E:\Program Files\nodejs\;D:\apache-maven-3.5.2-bin\apache-maven-3.5.2\bin;C:\Program Files\TortoiseGit\bin;C:\Program Files\Git\bin;C:\Program Files\MySQL\MySQL Server 5.7\bin;C:\Program Files (x86)\MySQL\MySQL Server 5.5\bin;E:\Program Files\nodejs\;D:\apache-maven-3.5.2-bin\apache-maven-3.5.2\bin;C:\Program Files\TortoiseGit\bin;C:\Program Files\Git\bin;C:\Program Files\MySQL\MySQL Server 5.7\bin;C:\Program Files (x86)\MySQL\MySQL Server 5.5\bin;E:\Program Files\nodejs\;C:\Users\13267\AppData\Local\Microsoft\WindowsApps;C:\Users\13267\AppData\Roaming\npm
USERNAME=13267
OS=Windows_NT
PROCESSOR_IDENTIFIER=Intel64 Family 6 Model 158 Stepping 9, GenuineIntel



---------------  S Y S T E M  ---------------

OS: Windows 10.0 , 64 bit Build 17763 (10.0.17763.475)

CPU:total 4 (initial active 4) (4 cores per cpu, 1 threads per core) family 6 model 158 stepping 9, cmov, cx8, fxsr, mmx, sse, sse2, sse3, ssse3, sse4.1, sse4.2, popcnt, avx, avx2, aes, clmul, erms, 3dnowpref, lzcnt, tsc, tscinvbit, bmi1, bmi2, adx

Memory: 4k page, physical 12434084k(2703972k free), swap 12434084k(3864k free)

vm_info: Java HotSpot(TM) 64-Bit Server VM (25.131-b11) for windows-amd64 JRE (1.8.0_131-b11), built on Mar 15 2017 01:23:53 by "java_re" with MS VC++ 10.0 (VS2010)

time: Wed Feb 26 12:14:26 2020
elapsed time: 1 seconds (0d 0h 0m 1s)

