#
# There is insufficient memory for the Java Runtime Environment to continue.
# Native memory allocation (malloc) failed to allocate 243856 bytes for Chunk::new
# Possible reasons:
#   The system is out of physical RAM or swap space
#   In 32 bit mode, the process size limit was hit
# Possible solutions:
#   Reduce memory load on the system
#   Increase physical memory or swap space
#   Check if swap backing store is full
#   Use 64 bit Java on a 64 bit OS
#   Decrease Java heap size (-Xmx/-Xms)
#   Decrease number of Java threads
#   Decrease Java thread stack sizes (-Xss)
#   Set larger code cache with -XX:ReservedCodeCacheSize=
# This output file may be truncated or incomplete.
#
#  Out of Memory Error (allocation.cpp:390), pid=14796, tid=0x00000000000000d8
#
# JRE version: Java(TM) SE Runtime Environment (8.0_131-b11) (build 1.8.0_131-b11)
# Java VM: Java HotSpot(TM) 64-Bit Server VM (25.131-b11 mixed mode windows-amd64 compressed oops)
# Failed to write core dump. Minidumps are not enabled by default on client versions of Windows
#

---------------  T H R E A D  ---------------

Current thread (0x000000001ad69000):  JavaThread "C2 CompilerThread1" daemon [_thread_in_native, id=216, stack(0x000000001b460000,0x000000001b560000)]

Stack: [0x000000001b460000,0x000000001b560000]
[error occurred during error reporting (printing stack bounds), id 0xc0000005]

Native frames: (J=compiled Java code, j=interpreted, Vv=VM code, C=native code)


Current CompileTask:
C2:    523  524       4       java.io.InputStreamReader::read (11 bytes)


---------------  P R O C E S S  ---------------

Java Threads: ( => current thread )
  0x000000001ade3800 JavaThread "Service Thread" daemon [_thread_blocked, id=15036, stack(0x000000001b660000,0x000000001b760000)]
  0x000000001ad71800 JavaThread "C1 CompilerThread2" daemon [_thread_in_native, id=15540, stack(0x000000001b560000,0x000000001b660000)]
=>0x000000001ad69000 JavaThread "C2 CompilerThread1" daemon [_thread_in_native, id=216, stack(0x000000001b460000,0x000000001b560000)]
  0x00000000199fc000 JavaThread "C2 CompilerThread0" daemon [_thread_in_native, id=5388, stack(0x000000001b360000,0x000000001b460000)]
  0x00000000199fb000 JavaThread "Attach Listener" daemon [_thread_blocked, id=15104, stack(0x000000001b260000,0x000000001b360000)]
  0x00000000199b1000 JavaThread "Signal Dispatcher" daemon [_thread_blocked, id=14356, stack(0x000000001b160000,0x000000001b260000)]
  0x000000000297e000 JavaThread "Finalizer" daemon [_thread_blocked, id=11604, stack(0x000000001ac00000,0x000000001ad00000)]
  0x0000000002973800 JavaThread "Reference Handler" daemon [_thread_blocked, id=8208, stack(0x000000001ab00000,0x000000001ac00000)]
  0x000000000287e800 JavaThread "main" [_thread_in_Java, id=6424, stack(0x0000000002740000,0x0000000002840000)]

Other Threads:
  0x0000000019968800 VMThread [stack: 0x000000001aa00000,0x000000001ab00000] [id=4832]
  0x000000001ae27000 WatcherThread [stack: 0x000000001b760000,0x000000001b860000] [id=10864]

VM state:not at safepoint (normal execution)

VM Mutex/Monitor currently owned by a thread: None

Heap:
 PSYoungGen      total 56832K, used 31458K [0x0000000780c00000, 0x0000000784b00000, 0x00000007c0000000)
  eden space 49152K, 64% used [0x0000000780c00000,0x0000000782ab8ab8,0x0000000783c00000)
  from space 7680K, 0% used [0x0000000784380000,0x0000000784380000,0x0000000784b00000)
  to   space 7680K, 0% used [0x0000000783c00000,0x0000000783c00000,0x0000000784380000)
 ParOldGen       total 130048K, used 0K [0x0000000702400000, 0x000000070a300000, 0x0000000780c00000)
  object space 130048K, 0% used [0x0000000702400000,0x0000000702400000,0x000000070a300000)
 Metaspace       used 8126K, capacity 8264K, committed 8576K, reserved 1056768K
  class space    used 1005K, capacity 1052K, committed 1152K, reserved 1048576K

Card table byte_map: [0x0000000011d40000,0x0000000012330000] byte_map_base: 0x000000000e52e000

Marking Bits: (ParMarkBitMap*) 0x00000000541bc720
 Begin Bits: [0x0000000012b30000, 0x0000000015aa0000)
 End Bits:   [0x0000000015aa0000, 0x0000000018a10000)

Polling page: 0x0000000002330000

CodeCache: size=245760Kb used=2565Kb max_used=2565Kb free=243194Kb
 bounds [0x0000000002980000, 0x0000000002c10000, 0x0000000011980000]
 total_blobs=836 nmethods=535 adapters=214
 compilation: enabled

Compilation events (10 events):
Event: 0.475 Thread 0x000000001ad71800 nmethod 535 0x0000000002bfbf90 code [0x0000000002bfc540, 0x0000000002bffa08]
Event: 0.475 Thread 0x000000001ad71800  534       3       java.lang.StringCoding::safeTrim (24 bytes)
Event: 0.475 Thread 0x000000001ad71800 nmethod 534 0x0000000002c01a10 code [0x0000000002c01ba0, 0x0000000002c02068]
Event: 0.475 Thread 0x000000001ad71800  537       1       org.codehaus.plexus.util.xml.pull.MXParser::getEventType (5 bytes)
Event: 0.475 Thread 0x000000001ad71800 nmethod 537 0x0000000002be8410 code [0x0000000002be8560, 0x0000000002be8670]
Event: 0.475 Thread 0x000000001ad71800  531       3       java.util.HashMap::<init> (11 bytes)
Event: 0.475 Thread 0x000000001ad71800 nmethod 531 0x0000000002c02210 code [0x0000000002c02380, 0x0000000002c02590]
Event: 0.477 Thread 0x000000001ad71800  541       3       org.codehaus.plexus.util.xml.pull.MXParser::isWhitespace (116 bytes)
Event: 0.477 Thread 0x000000001ad71800 nmethod 541 0x0000000002c029d0 code [0x0000000002c02ba0, 0x0000000002c03408]
Event: 0.477 Thread 0x000000001ad71800  543       3       org.codehaus.plexus.util.xml.pull.MXParser::parseStartTag (1195 bytes)

GC Heap History (0 events):
No events

Deoptimization events (4 events):
Event: 0.346 Thread 0x000000000287e800 Uncommon trap: reason=unstable_if action=reinterpret pc=0x0000000002af16f0 method=java.lang.String.indexOf([CII[CIII)I @ 3
Event: 0.450 Thread 0x000000000287e800 Uncommon trap: reason=unstable_if action=reinterpret pc=0x0000000002bd2084 method=java.util.HashMap.getNode(ILjava/lang/Object;)Ljava/util/HashMap$Node; @ 129
Event: 0.454 Thread 0x000000000287e800 Uncommon trap: reason=range_check action=make_not_entrant pc=0x0000000002bd5568 method=sun.reflect.generics.parser.SignatureParser.current()C @ 34
Event: 0.460 Thread 0x000000000287e800 Uncommon trap: reason=unstable_if action=reinterpret pc=0x0000000002b2c328 method=org.codehaus.plexus.util.xml.pull.MXParser.more()C @ 8

Internal exceptions (10 events):
Event: 0.453 Thread 0x000000000287e800 Exception <a 'java/lang/ArrayIndexOutOfBoundsException'> (0x0000000782071538) thrown at [C:\re\workspace\8-2-build-windows-amd64-cygwin\jdk8u131\8869\hotspot\src\share\vm\runtime\sharedRuntime.cpp, line 605]
Event: 0.453 Thread 0x000000000287e800 Exception <a 'java/lang/ArrayIndexOutOfBoundsException'> (0x0000000782072d30) thrown at [C:\re\workspace\8-2-build-windows-amd64-cygwin\jdk8u131\8869\hotspot\src\share\vm\runtime\sharedRuntime.cpp, line 605]
Event: 0.453 Thread 0x000000000287e800 Exception <a 'java/lang/ArrayIndexOutOfBoundsException'> (0x0000000782073ad0) thrown at [C:\re\workspace\8-2-build-windows-amd64-cygwin\jdk8u131\8869\hotspot\src\share\vm\runtime\sharedRuntime.cpp, line 605]
Event: 0.453 Thread 0x000000000287e800 Exception <a 'java/lang/ArrayIndexOutOfBoundsException'> (0x00000007820757c0) thrown at [C:\re\workspace\8-2-build-windows-amd64-cygwin\jdk8u131\8869\hotspot\src\share\vm\runtime\sharedRuntime.cpp, line 605]
Event: 0.453 Thread 0x000000000287e800 Exception <a 'java/lang/ArrayIndexOutOfBoundsException'> (0x0000000782076d18) thrown at [C:\re\workspace\8-2-build-windows-amd64-cygwin\jdk8u131\8869\hotspot\src\share\vm\runtime\sharedRuntime.cpp, line 605]
Event: 0.453 Thread 0x000000000287e800 Exception <a 'java/lang/ArrayIndexOutOfBoundsException'> (0x0000000782078c28) thrown at [C:\re\workspace\8-2-build-windows-amd64-cygwin\jdk8u131\8869\hotspot\src\share\vm\runtime\sharedRuntime.cpp, line 605]
Event: 0.453 Thread 0x000000000287e800 Exception <a 'java/lang/ArrayIndexOutOfBoundsException'> (0x000000078207b038) thrown at [C:\re\workspace\8-2-build-windows-amd64-cygwin\jdk8u131\8869\hotspot\src\share\vm\runtime\sharedRuntime.cpp, line 605]
Event: 0.454 Thread 0x000000000287e800 Exception <a 'java/lang/ArrayIndexOutOfBoundsException'> (0x000000078207c280) thrown at [C:\re\workspace\8-2-build-windows-amd64-cygwin\jdk8u131\8869\hotspot\src\share\vm\runtime\sharedRuntime.cpp, line 605]
Event: 0.454 Thread 0x000000000287e800 Exception <a 'java/lang/ArrayIndexOutOfBoundsException'> (0x000000078207daf0) thrown at [C:\re\workspace\8-2-build-windows-amd64-cygwin\jdk8u131\8869\hotspot\src\share\vm\runtime\sharedRuntime.cpp, line 605]
Event: 0.454 Thread 0x000000000287e800 Exception <a 'java/lang/ArrayIndexOutOfBoundsException': 86> (0x000000078207f140) thrown at [C:\re\workspace\8-2-build-windows-amd64-cygwin\jdk8u131\8869\hotspot\src\share\vm\interpreter\interpreterRuntime.cpp, line 366]

Events (10 events):
Event: 0.510 loading class org/apache/maven/plugin/ProjectArtifactsCache
Event: 0.510 loading class org/apache/maven/plugin/ProjectArtifactsCache done
Event: 0.510 loading class org/apache/maven/plugin/LegacySupport
Event: 0.510 loading class org/apache/maven/plugin/LegacySupport done
Event: 0.510 loading class org/apache/maven/plugin/MavenPluginManager
Event: 0.510 loading class org/apache/maven/plugin/MavenPluginManager done
Event: 0.510 loading class org/apache/maven/plugin/internal/PluginDependenciesResolver
Event: 0.510 loading class org/apache/maven/plugin/internal/PluginDependenciesResolver done
Event: 0.511 loading class org/apache/maven/plugin/PluginManager
Event: 0.511 loading class org/apache/maven/plugin/PluginManager done


Dynamic libraries:
0x00007ff720b90000 - 0x00007ff720bc7000 	E:\Program Files\Java\jdk1.8.0_131\bin\java.exe
0x00007ffc31660000 - 0x00007ffc3184d000 	C:\WINDOWS\SYSTEM32\ntdll.dll
0x00007ffc2ea20000 - 0x00007ffc2ead3000 	C:\WINDOWS\System32\KERNEL32.DLL
0x00007ffc2e270000 - 0x00007ffc2e503000 	C:\WINDOWS\System32\KERNELBASE.dll
0x00007ffc2ef40000 - 0x00007ffc2efe3000 	C:\WINDOWS\System32\ADVAPI32.dll
0x00007ffc313c0000 - 0x00007ffc3145e000 	C:\WINDOWS\System32\msvcrt.dll
0x00007ffc2eae0000 - 0x00007ffc2eb7e000 	C:\WINDOWS\System32\sechost.dll
0x00007ffc2edb0000 - 0x00007ffc2eed2000 	C:\WINDOWS\System32\RPCRT4.dll
0x00007ffc2eff0000 - 0x00007ffc2f187000 	C:\WINDOWS\System32\USER32.dll
0x00007ffc2df10000 - 0x00007ffc2df30000 	C:\WINDOWS\System32\win32u.dll
0x00007ffc2e880000 - 0x00007ffc2e8a9000 	C:\WINDOWS\System32\GDI32.dll
0x00007ffc2e0b0000 - 0x00007ffc2e249000 	C:\WINDOWS\System32\gdi32full.dll
0x00007ffc2de70000 - 0x00007ffc2df10000 	C:\WINDOWS\System32\msvcp_win.dll
0x00007ffc2e510000 - 0x00007ffc2e60a000 	C:\WINDOWS\System32\ucrtbase.dll
0x00007ffc1fa30000 - 0x00007ffc1fca9000 	C:\WINDOWS\WinSxS\amd64_microsoft.windows.common-controls_6595b64144ccf1df_6.0.17763.1039_none_de701650534c7021\COMCTL32.dll
0x00007ffc2f6b0000 - 0x00007ffc2f9dc000 	C:\WINDOWS\System32\combase.dll
0x00007ffc2dfe0000 - 0x00007ffc2e05e000 	C:\WINDOWS\System32\bcryptPrimitives.dll
0x00007ffc30fa0000 - 0x00007ffc30fce000 	C:\WINDOWS\System32\IMM32.DLL
0x0000000055a80000 - 0x0000000055b52000 	E:\Program Files\Java\jdk1.8.0_131\jre\bin\msvcr100.dll
0x00000000539a0000 - 0x000000005423c000 	E:\Program Files\Java\jdk1.8.0_131\jre\bin\server\jvm.dll
0x00007ffc2f190000 - 0x00007ffc2f198000 	C:\WINDOWS\System32\PSAPI.DLL
0x00007ffc29660000 - 0x00007ffc29669000 	C:\WINDOWS\SYSTEM32\WSOCK32.dll
0x00007ffc28ce0000 - 0x00007ffc28cea000 	C:\WINDOWS\SYSTEM32\VERSION.dll
0x00007ffc2b1a0000 - 0x00007ffc2b1c4000 	C:\WINDOWS\SYSTEM32\WINMM.dll
0x00007ffc315c0000 - 0x00007ffc3162d000 	C:\WINDOWS\System32\WS2_32.dll
0x00007ffc2b170000 - 0x00007ffc2b19d000 	C:\WINDOWS\SYSTEM32\WINMMBASE.dll
0x00007ffc2e060000 - 0x00007ffc2e0aa000 	C:\WINDOWS\System32\cfgmgr32.dll
0x0000000054890000 - 0x000000005489f000 	E:\Program Files\Java\jdk1.8.0_131\jre\bin\verify.dll
0x0000000054860000 - 0x0000000054889000 	E:\Program Files\Java\jdk1.8.0_131\jre\bin\java.dll
0x0000000054840000 - 0x0000000054856000 	E:\Program Files\Java\jdk1.8.0_131\jre\bin\zip.dll
0x00007ffc2f9e0000 - 0x00007ffc30ed4000 	C:\WINDOWS\System32\SHELL32.dll
0x00007ffc31030000 - 0x00007ffc310d8000 	C:\WINDOWS\System32\shcore.dll
0x00007ffc2d720000 - 0x00007ffc2de6d000 	C:\WINDOWS\System32\windows.storage.dll
0x00007ffc2d6f0000 - 0x00007ffc2d714000 	C:\WINDOWS\System32\profapi.dll
0x00007ffc2d670000 - 0x00007ffc2d6cd000 	C:\WINDOWS\System32\powrprof.dll
0x00007ffc2f640000 - 0x00007ffc2f692000 	C:\WINDOWS\System32\shlwapi.dll
0x00007ffc2d650000 - 0x00007ffc2d661000 	C:\WINDOWS\System32\kernel.appcore.dll
0x00007ffc2e250000 - 0x00007ffc2e267000 	C:\WINDOWS\System32\cryptsp.dll
0x00007ffc29280000 - 0x00007ffc2928a000 	D:\apache-maven-3.5.2-bin\apache-maven-3.5.2\lib\jansi-native\windows64\jansi.dll

VM Arguments:
jvm_args: -Dclassworlds.conf=D:\apache-maven-3.5.2-bin\apache-maven-3.5.2\bin\..\bin\m2.conf -Dmaven.home=D:\apache-maven-3.5.2-bin\apache-maven-3.5.2\bin\.. -Dlibrary.jansi.path=D:\apache-maven-3.5.2-bin\apache-maven-3.5.2\bin\..\lib\jansi-native -Dmaven.multiModuleProjectDirectory=D:\IDEAÏîÄ¿\readpaale 
java_command: org.codehaus.plexus.classworlds.launcher.Launcher clean package -Dmaven.test.skip=true;
java_class_path (initial): D:\apache-maven-3.5.2-bin\apache-maven-3.5.2\bin\..\boot\plexus-classworlds-2.5.2.jar
Launcher Type: SUN_STANDARD

Environment Variables:
JAVA_HOME=E:\Program Files\Java\jdk1.8.0_131
CLASSPATH=.;E:\Program Files\Java\jdk1.8.0_131\lib\dt.jar;E:\Program Files\Java\jdk1.8.0_131\lib\tools.jar;
PATH=E:\Program Files\Java\jdk1.8.0_131\jre\bin;C:\ProgramData\Oracle\Java\javapath;C:\WINDOWS\system32;C:\WINDOWS;C:\WINDOWS\System32\Wbem;C:\WINDOWS\System32\WindowsPowerShell\v1.0\;C:\WINDOWS\System32\OpenSSH\;E:\gradle-5.5-rc-3-bin\gradle-5.5-rc-3\bin;E:\zookeeper-3.5.4-beta\zookeeper-3.5.4-beta\bin;E:\zookeeper-3.5.4-beta\zookeeper-3.5.4-beta\conf;E:\Program Files\Java\jdk1.8.0_131\bin;E:\Program Files\Java\jdk1.8.0_131\jre\bin;C:\ProgramData\Oracle\Java\javapath;C:\WINDOWS\system32;C:\WINDOWS;C:\WINDOWS\System32\Wbem;C:\WINDOWS\System32\WindowsPowerShell\v1.0\;C:\WINDOWS\System32\OpenSSH\;E:\gradle-5.5-rc-3-bin\gradle-5.5-rc-3\bin;E:\zookeeper-3.5.4-beta\zookeeper-3.5.4-beta\bin;E:\zookeeper-3.5.4-beta\zookeeper-3.5.4-beta\conf;E:\Program Files\Java\jdk1.8.0_131\bin;E:\Program Files\Java\jdk1.8.0_131\jre\bin;C:\ProgramData\Oracle\Java\javapath;C:\WINDOWS\system32;C:\WINDOWS;C:\WINDOWS\System32\Wbem;C:\WINDOWS\System32\WindowsPowerShell\v1.0\;C:\WINDOWS\System32\OpenSSH\;E:\gradle-5.5-rc-3-bin\gradle-5.5-rc-3\bin;%ZOOKEEPER_HOME%\bin;%ZOOKEEPER_HOME%\conf;E:\Program Files\Java\jdk1.8.0_131\bin;C:\WINDOWS\System32;D:\apache-maven-3.5.2-bin\apache-maven-3.5.2\bin;C:\Program Files\TortoiseGit\bin;C:\Program Files\Git\bin;C:\Program Files\MySQL\MySQL Server 5.7\bin;C:\Program Files (x86)\MySQL\MySQL Server 5.5\bin;E:\Program Files\nodejs\;D:\apache-maven-3.5.2-bin\apache-maven-3.5.2\bin;C:\Program Files\TortoiseGit\bin;C:\Program Files\Git\bin;C:\Program Files\MySQL\MySQL Server 5.7\bin;C:\Program Files (x86)\MySQL\MySQL Server 5.5\bin;E:\Program Files\nodejs\;D:\apache-maven-3.5.2-bin\apache-maven-3.5.2\bin;C:\Program Files\TortoiseGit\bin;C:\Program Files\Git\bin;C:\Program Files\MySQL\MySQL Server 5.7\bin;C:\Program Files (x86)\MySQL\MySQL Server 5.5\bin;E:\Program Files\nodejs\;C:\Users\13267\AppData\Local\Microsoft\WindowsApps;C:\Users\13267\AppData\Roaming\npm
USERNAME=13267
OS=Windows_NT
PROCESSOR_IDENTIFIER=Intel64 Family 6 Model 158 Stepping 9, GenuineIntel



---------------  S Y S T E M  ---------------

OS: Windows 10.0 , 64 bit Build 17763 (10.0.17763.475)

CPU:total 4 (initial active 4) (4 cores per cpu, 1 threads per core) family 6 model 158 stepping 9, cmov, cx8, fxsr, mmx, sse, sse2, sse3, ssse3, sse4.1, sse4.2, popcnt, avx, avx2, aes, clmul, erms, 3dnowpref, lzcnt, tsc, tscinvbit, bmi1, bmi2, adx

Memory: 4k page, physical 12434084k(2741888k free), swap 12434084k(2060k free)

vm_info: Java HotSpot(TM) 64-Bit Server VM (25.131-b11) for windows-amd64 JRE (1.8.0_131-b11), built on Mar 15 2017 01:23:53 by "java_re" with MS VC++ 10.0 (VS2010)

time: Wed Feb 26 12:13:24 2020
elapsed time: 0 seconds (0d 0h 0m 0s)

